Determining if the pthread_create exist failed with the following output:
Change Dir: /home/alex/Projects/FileSorting/build/CMakeFiles/CMakeTmp

Run Build Command:"/usr/bin/make" "cmTC_f4a81/fast"
/usr/bin/make -f CMakeFiles/cmTC_f4a81.dir/build.make CMakeFiles/cmTC_f4a81.dir/build
make[1]: вход в каталог «/home/alex/Projects/FileSorting/build/CMakeFiles/CMakeTmp»
Building CXX object CMakeFiles/cmTC_f4a81.dir/CheckSymbolExists.cxx.o
/usr/bin/c++     -o CMakeFiles/cmTC_f4a81.dir/CheckSymbolExists.cxx.o -c /home/alex/Projects/FileSorting/build/CMakeFiles/CMakeTmp/CheckSymbolExists.cxx
Linking CXX executable cmTC_f4a81
/usr/bin/cmake -E cmake_link_script CMakeFiles/cmTC_f4a81.dir/link.txt --verbose=1
/usr/bin/c++       -rdynamic CMakeFiles/cmTC_f4a81.dir/CheckSymbolExists.cxx.o  -o cmTC_f4a81 
CMakeFiles/cmTC_f4a81.dir/CheckSymbolExists.cxx.o: In function `main':
CheckSymbolExists.cxx:(.text+0x1b): undefined reference to `pthread_create'
collect2: error: ld returned 1 exit status
CMakeFiles/cmTC_f4a81.dir/build.make:97: recipe for target 'cmTC_f4a81' failed
make[1]: *** [cmTC_f4a81] Error 1
make[1]: выход из каталога «/home/alex/Projects/FileSorting/build/CMakeFiles/CMakeTmp»
Makefile:126: recipe for target 'cmTC_f4a81/fast' failed
make: *** [cmTC_f4a81/fast] Error 2

File /home/alex/Projects/FileSorting/build/CMakeFiles/CMakeTmp/CheckSymbolExists.cxx:
/* */
#include <pthread.h>

int main(int argc, char** argv)
{
  (void)argv;
#ifndef pthread_create
  return ((int*)(&pthread_create))[argc];
#else
  (void)argc;
  return 0;
#endif
}

Determining if the function pthread_create exists in the pthreads failed with the following output:
Change Dir: /home/alex/Projects/FileSorting/build/CMakeFiles/CMakeTmp

Run Build Command:"/usr/bin/make" "cmTC_9d90c/fast"
/usr/bin/make -f CMakeFiles/cmTC_9d90c.dir/build.make CMakeFiles/cmTC_9d90c.dir/build
make[1]: вход в каталог «/home/alex/Projects/FileSorting/build/CMakeFiles/CMakeTmp»
Building CXX object CMakeFiles/cmTC_9d90c.dir/CheckFunctionExists.cxx.o
/usr/bin/c++    -DCHECK_FUNCTION_EXISTS=pthread_create   -o CMakeFiles/cmTC_9d90c.dir/CheckFunctionExists.cxx.o -c /home/alex/Projects/FileSorting/build/CMakeFiles/CheckLibraryExists/CheckFunctionExists.cxx
Linking CXX executable cmTC_9d90c
/usr/bin/cmake -E cmake_link_script CMakeFiles/cmTC_9d90c.dir/link.txt --verbose=1
/usr/bin/c++   -DCHECK_FUNCTION_EXISTS=pthread_create    -rdynamic CMakeFiles/cmTC_9d90c.dir/CheckFunctionExists.cxx.o  -o cmTC_9d90c -lpthreads 
/usr/bin/ld: cannot find -lpthreads
collect2: error: ld returned 1 exit status
CMakeFiles/cmTC_9d90c.dir/build.make:97: recipe for target 'cmTC_9d90c' failed
make[1]: *** [cmTC_9d90c] Error 1
make[1]: выход из каталога «/home/alex/Projects/FileSorting/build/CMakeFiles/CMakeTmp»
Makefile:126: recipe for target 'cmTC_9d90c/fast' failed
make: *** [cmTC_9d90c/fast] Error 2


